<?xml version="1.0" encoding="UTF-8"?>
<!-- Generated by org.testng.reporters.JUnitReportReporter -->
<testsuite hostname="DESKTOP-3321287" failures="0" tests="2" name="com.Vtiger.ContactModuleTest.CreateContactNameTest" time="47.672" errors="0" timestamp="2021-11-08T14:56:10 IST" skipped="0">
  <testcase classname="com.Vtiger.ContactModuleTest.CreateContactNameTest" name="createContactNameTest" time="20.917"/>
  <system-out/>
  <testcase classname="com.Vtiger.ContactModuleTest.CreateContactNameTest" name="createContactNameTest" time="26.755"/>
  <system-out/>
</testsuite> <!-- com.Vtiger.ContactModuleTest.CreateContactNameTest -->
