<?xml version="1.0" encoding="UTF-8"?>
<!-- Generated by org.testng.reporters.JUnitReportReporter -->
<testsuite hostname="DESKTOP-3321287" failures="0" tests="1" name="com.Vtiger.OrganizationModuleTest.CreateOrgName_Industry_TypeTest" time="24.597" errors="0" timestamp="2021-11-08T12:30:58 IST" skipped="0">
  <testcase classname="com.Vtiger.OrganizationModuleTest.CreateOrgName_Industry_TypeTest" name="CreateOrgName_Industry_TypeTest" time="24.597"/>
  <system-out/>
</testsuite> <!-- com.Vtiger.OrganizationModuleTest.CreateOrgName_Industry_TypeTest -->
