<?xml version="1.0" encoding="UTF-8"?>
<!-- Generated by org.testng.reporters.JUnitReportReporter -->
<testsuite hostname="DESKTOP-3321287" failures="0" tests="1" name="com.Vtiger.ContactModuleTest.CreateContactWithOrgTest" time="38.379" errors="0" timestamp="2021-11-08T14:50:03 IST" skipped="0">
  <testcase classname="com.Vtiger.ContactModuleTest.CreateContactWithOrgTest" name="CreateContactWithOrgTest" time="38.379"/>
  <system-out/>
</testsuite> <!-- com.Vtiger.ContactModuleTest.CreateContactWithOrgTest -->
