<?xml version="1.0" encoding="UTF-8"?>
<!-- Generated by org.testng.reporters.JUnitReportReporter -->
<testsuite hostname="DESKTOP-3321287" failures="0" tests="1" name="com.Vtiger.ContactModuleTest.CreateOrgNameTest" time="18.381" errors="0" timestamp="2021-10-30T16:06:29 IST" skipped="0">
  <testcase classname="com.Vtiger.ContactModuleTest.CreateOrgNameTest" name="createOrgTest" time="18.381"/>
  <system-out/>
</testsuite> <!-- com.Vtiger.ContactModuleTest.CreateOrgNameTest -->
