<?xml version="1.0" encoding="UTF-8"?>
<!-- Generated by org.testng.reporters.JUnitReportReporter -->
<testsuite hostname="DESKTOP-3321287" failures="0" tests="1" name="com.Vtiger.ContactModuleTest.CreateContactTest" time="27.656" errors="0" timestamp="2021-10-30T17:17:35 IST" skipped="0">
  <testcase classname="com.Vtiger.ContactModuleTest.CreateContactTest" name="createOrgTest" time="27.656"/>
  <system-out/>
</testsuite> <!-- com.Vtiger.ContactModuleTest.CreateContactTest -->
