<?xml version="1.0" encoding="UTF-8"?>
<!-- Generated by org.testng.reporters.JUnitReportReporter -->
<testsuite hostname="DESKTOP-3321287" failures="0" tests="1" name="com.Vtiger.ContactModuleTest.CreateOrgName_Industry_TypeTest" time="19.502" errors="0" timestamp="2021-10-30T16:15:18 IST" skipped="0">
  <testcase classname="com.Vtiger.ContactModuleTest.CreateOrgName_Industry_TypeTest" name="createOrgTest2" time="19.502"/>
  <system-out/>
</testsuite> <!-- com.Vtiger.ContactModuleTest.CreateOrgName_Industry_TypeTest -->
