<?xml version="1.0" encoding="UTF-8"?>
<!-- Generated by org.testng.reporters.JUnitReportReporter -->
<testsuite hostname="DESKTOP-3321287" failures="0" tests="1" name="com.Vtiger.OrganizationModuleTest.CreateOrgNameTest" time="13.554" errors="0" timestamp="2021-11-08T14:43:04 IST" skipped="0">
  <testcase classname="com.Vtiger.OrganizationModuleTest.CreateOrgNameTest" name="CreateOrgNameTest" time="13.554"/>
  <system-out/>
</testsuite> <!-- com.Vtiger.OrganizationModuleTest.CreateOrgNameTest -->
